nohup: ignoring input

> frontend@1.0.0 dev
> vite --host 0.0.0.0


  VITE v7.3.1  ready in 173 ms

  ➜  Local:   http://localhost:5173/
  ➜  Network: http://10.156.0.5:5173/
  ➜  Network: http://172.19.0.1:5173/
  ➜  Network: http://172.20.0.1:5173/
  ➜  Network: http://172.22.0.1:5173/
  ➜  Network: http://172.18.0.1:5173/
5:15:32 PM [vite] (client) hmr update /src/App.css
5:15:32 PM [vite] (client) hmr update /src/App.css
5:16:13 PM [vite] (client) page reload src/App.jsx
5:16:26 PM [vite] (client) page reload src/App.jsx
5:18:23 PM [vite] (client) page reload src/App.jsx
5:18:52 PM [vite] (client) page reload src/App.jsx
5:26:40 PM [vite] (client) page reload src/App.jsx
5:26:57 PM [vite] (client) hmr update /src/App.css
5:29:47 PM [vite] (client) hmr update /src/App.css
5:30:02 PM [vite] (client) page reload src/App.jsx
5:34:41 PM [vite] (client) page reload src/App.jsx
5:35:07 PM [vite] (client) hmr update /src/App.css
5:35:07 PM [vite] Internal server error: [postcss] /home/macb/5.s2p/frontend/src/App.css:284:1: Unexpected }
  Plugin: vite:css
  File: /home/macb/5.s2p/frontend/src/App.css:284:0
  282 |  
  283 |  transform: scale(1.05);
  284 |  }
      |  ^
  285 |  
  286 |  /* Connections List Styles */
      at Input.error (/home/macb/5.s2p/frontend/node_modules/postcss/lib/input.js:135:16)
      at Parser.unexpectedClose (/home/macb/5.s2p/frontend/node_modules/postcss/lib/parser.js:587:22)
      at Parser.end (/home/macb/5.s2p/frontend/node_modules/postcss/lib/parser.js:330:12)
      at Parser.parse (/home/macb/5.s2p/frontend/node_modules/postcss/lib/parser.js:456:16)
      at parse (/home/macb/5.s2p/frontend/node_modules/postcss/lib/parse.js:11:12)
      at new LazyResult (/home/macb/5.s2p/frontend/node_modules/postcss/lib/lazy-result.js:165:16)
      at Processor.process (/home/macb/5.s2p/frontend/node_modules/postcss/lib/processor.js:53:14)
      at runPostCSS (file:///home/macb/5.s2p/frontend/node_modules/vite/dist/node/chunks/config.js:30145:68)
      at async compilePostCSS (file:///home/macb/5.s2p/frontend/node_modules/vite/dist/node/chunks/config.js:30129:6)
      at async compileCSS (file:///home/macb/5.s2p/frontend/node_modules/vite/dist/node/chunks/config.js:30059:26)
5:35:16 PM [vite] (client) hmr update /src/App.css
5:35:17 PM [vite] Internal server error: [postcss] /home/macb/5.s2p/frontend/src/App.css:271:1: Unclosed block
  Plugin: vite:css
  File: /home/macb/5.s2p/frontend/src/App.css:271:0
  269 |  }
  270 |  
  271 |  .start-btn {
      |  ^
  272 |    background: var(--primary);
  273 |    color: white;
      at Input.error (/home/macb/5.s2p/frontend/node_modules/postcss/lib/input.js:135:16)
      at Parser.unclosedBlock (/home/macb/5.s2p/frontend/node_modules/postcss/lib/parser.js:575:22)
      at Parser.endFile (/home/macb/5.s2p/frontend/node_modules/postcss/lib/parser.js:335:35)
      at Parser.parse (/home/macb/5.s2p/frontend/node_modules/postcss/lib/parser.js:476:10)
      at parse (/home/macb/5.s2p/frontend/node_modules/postcss/lib/parse.js:11:12)
      at new LazyResult (/home/macb/5.s2p/frontend/node_modules/postcss/lib/lazy-result.js:165:16)
      at Processor.process (/home/macb/5.s2p/frontend/node_modules/postcss/lib/processor.js:53:14)
      at runPostCSS (file:///home/macb/5.s2p/frontend/node_modules/vite/dist/node/chunks/config.js:30145:68)
      at async compilePostCSS (file:///home/macb/5.s2p/frontend/node_modules/vite/dist/node/chunks/config.js:30129:6)
      at async compileCSS (file:///home/macb/5.s2p/frontend/node_modules/vite/dist/node/chunks/config.js:30059:26)
5:35:41 PM [vite] (client) hmr update /src/App.css
5:36:03 PM [vite] (client) page reload src/App.jsx
5:39:07 PM [vite] (client) hmr update /src/App.css
5:40:13 PM [vite] (client) page reload src/App.jsx
5:41:22 PM [vite] (client) page reload src/App.jsx
5:41:38 PM [vite] (client) page reload src/App.jsx
5:41:43 PM [vite] (client) hmr update /src/App.css
5:43:00 PM [vite] (client) page reload src/App.jsx
5:51:28 PM [vite] (client) page reload src/App.jsx
5:51:49 PM [vite] (client) hmr update /src/App.css
5:52:17 PM [vite] (client) page reload src/App.jsx
5:52:25 PM [vite] (client) page reload src/App.jsx
5:52:42 PM [vite] (client) hmr update /src/App.css
5:54:08 PM [vite] (client) page reload src/App.jsx
5:54:09 PM [vite] (client) Pre-transform error: Transform failed with 3 errors:
/home/macb/5.s2p/frontend/src/App.jsx:173:10: ERROR: Unexpected closing "div" tag does not match opening "header" tag
/home/macb/5.s2p/frontend/src/App.jsx:174:14: ERROR: Unexpected closing "header" tag does not match opening "div" tag
/home/macb/5.s2p/frontend/src/App.jsx:176:14: ERROR: Expected ")" but found "className"
  Plugin: vite:esbuild
  File: /home/macb/5.s2p/frontend/src/App.jsx:173:10
  
  Unexpected closing "div" tag does not match opening "header" tag
  171 |  
  172 |                  </div>
  173 |          </div>
      |            ^
  174 |              </header >
  175 |  
  
  Unexpected closing "header" tag does not match opening "div" tag
  172 |                  </div>
  173 |          </div>
  174 |              </header >
      |                ^
  175 |  
  176 |          <main className="main-layout">
  
  Expected ")" but found "className"
  174 |              </header >
  175 |  
  176 |          <main className="main-layout">
      |                ^
  177 |              <aside className="sidebar">
  178 |                  <div className="card connections-card">
  
5:54:09 PM [vite] Internal server error: Transform failed with 3 errors:
/home/macb/5.s2p/frontend/src/App.jsx:173:10: ERROR: Unexpected closing "div" tag does not match opening "header" tag
/home/macb/5.s2p/frontend/src/App.jsx:174:14: ERROR: Unexpected closing "header" tag does not match opening "div" tag
/home/macb/5.s2p/frontend/src/App.jsx:176:14: ERROR: Expected ")" but found "className"
  Plugin: vite:esbuild
  File: /home/macb/5.s2p/frontend/src/App.jsx:173:10
  
  Unexpected closing "div" tag does not match opening "header" tag
  171 |  
  172 |                  </div>
  173 |          </div>
      |            ^
  174 |              </header >
  175 |  
  
  Unexpected closing "header" tag does not match opening "div" tag
  172 |                  </div>
  173 |          </div>
  174 |              </header >
      |                ^
  175 |  
  176 |          <main className="main-layout">
  
  Expected ")" but found "className"
  174 |              </header >
  175 |  
  176 |          <main className="main-layout">
      |                ^
  177 |              <aside className="sidebar">
  178 |                  <div className="card connections-card">
  
      at failureErrorWithLog (/home/macb/5.s2p/frontend/node_modules/esbuild/lib/main.js:1467:15)
      at /home/macb/5.s2p/frontend/node_modules/esbuild/lib/main.js:736:50
      at responseCallbacks.<computed> (/home/macb/5.s2p/frontend/node_modules/esbuild/lib/main.js:603:9)
      at handleIncomingPacket (/home/macb/5.s2p/frontend/node_modules/esbuild/lib/main.js:658:12)
      at Socket.readFromStdout (/home/macb/5.s2p/frontend/node_modules/esbuild/lib/main.js:581:7)
      at Socket.emit (node:events:508:28)
      at addChunk (node:internal/streams/readable:559:12)
      at readableAddChunkPushByteMode (node:internal/streams/readable:510:3)
      at Readable.push (node:internal/streams/readable:390:5)
      at Pipe.onStreamRead (node:internal/stream_base_commons:189:23)
5:54:23 PM [vite] (client) page reload src/App.jsx
5:55:43 PM [vite] (client) page reload src/App.jsx
6:01:55 PM [vite] (client) page reload src/App.jsx
6:02:02 PM [vite] (client) page reload src/App.jsx
6:02:28 PM [vite] (client) page reload src/App.jsx
6:07:18 PM [vite] (client) page reload src/App.jsx
6:08:01 PM [vite] (client) page reload src/App.jsx
6:09:16 PM [vite] (client) hmr update /src/App.css
6:11:45 PM [vite] (client) page reload src/App.jsx
6:22:44 PM [vite] (client) page reload src/App.jsx
